  stdafx.cpp
  DirectSound.cpp
  IGameScene.cpp
  IOneshotSound.cpp
  IStreamingSound.cpp
  Mp3Sound.cpp
c:\users\hsatomura\desktop\git\auroraarc\tetattack\tetattack\mp3sound.cpp(291): warning C4838: 'int' から 'const WORD' への変換には縮小変換が必要です
c:\users\hsatomura\desktop\git\auroraarc\tetattack\tetattack\mp3sound.cpp(312): warning C4838: 'int' から 'const WORD' への変換には縮小変換が必要です
  OggSound.cpp
  SDKwavefile.cpp
  Selector.cpp
  SoundManager.cpp
  TetAttack.cpp
c:\users\hsatomura\desktop\git\auroraarc\tetattack\tetattack\tetattack.cpp(70): warning C4302: '型キャスト': 'LPWSTR' から 'WORD' へ切り詰めます。
c:\users\hsatomura\desktop\git\auroraarc\tetattack\tetattack\tetattack.cpp(71): warning C4302: '型キャスト': 'LPWSTR' から 'WORD' へ切り詰めます。
  TetrisScene.cpp
  Title.cpp
  WaveSound.cpp
  XBoxController.cpp
c:\users\hsatomura\desktop\git\auroraarc\tetattack\tetattack\xboxcontroller.cpp(100): warning C4018: '<': signed と unsigned の数値を比較しようとしました。
c:\users\hsatomura\desktop\git\auroraarc\tetattack\tetattack\xboxcontroller.cpp(130): warning C4018: '<': signed と unsigned の数値を比較しようとしました。
c:\users\hsatomura\desktop\git\auroraarc\tetattack\tetattack\xboxcontroller.cpp(153): warning C4018: '<': signed と unsigned の数値を比較しようとしました。
c:\users\hsatomura\desktop\git\auroraarc\tetattack\tetattack\xboxcontroller.cpp(177): warning C4018: '<': signed と unsigned の数値を比較しようとしました。
c:\users\hsatomura\desktop\git\auroraarc\tetattack\tetattack\xboxcontroller.cpp(200): warning C4018: '<': signed と unsigned の数値を比較しようとしました。
c:\users\hsatomura\desktop\git\auroraarc\tetattack\tetattack\xboxcontroller.cpp(223): warning C4018: '<': signed と unsigned の数値を比較しようとしました。
  コードを生成中...
MSVCRTD.lib(initializers.obj) : warning LNK4098: defaultlib 'libcmtd.lib' は他のライブラリの使用と競合しています。/NODEFAULTLIB:library を使用してください。
  TetAttack.vcxproj -> C:\Users\hsatomura\Desktop\Git\AuroraArc\TetAttack\Debug\TetAttack.exe
